<?xml version="1.0" encoding="UTF-8"?>
<testng-results ignored="0" total="3" passed="3" failed="0" skipped="0">
  <reporter-output>
  </reporter-output>
  <suite started-at="2024-09-22T12:29:22 IST" name="Default suite" finished-at="2024-09-22T12:29:26 IST" duration-ms="3583">
    <groups>
    </groups>
    <test started-at="2024-09-22T12:29:22 IST" name="Default test" finished-at="2024-09-22T12:29:26 IST" duration-ms="3583">
      <class name="tests.TestsExample">
        <test-method signature="test_0()[pri:0, instance:tests.TestsExample@7c711375]" started-at="2024-09-22T12:29:22 IST" name="test_0" finished-at="2024-09-22T12:29:25 IST" duration-ms="3042" status="PASS">
          <reporter-output>
          </reporter-output>
        </test-method> <!-- test_0 -->
        <test-method signature="test_1()[pri:0, instance:tests.TestsExample@7c711375]" started-at="2024-09-22T12:29:25 IST" name="test_1" finished-at="2024-09-22T12:29:25 IST" duration-ms="224" status="PASS">
          <reporter-output>
          </reporter-output>
        </test-method> <!-- test_1 -->
        <test-method signature="test_2()[pri:0, instance:tests.TestsExample@7c711375]" started-at="2024-09-22T12:29:25 IST" name="test_2" finished-at="2024-09-22T12:29:26 IST" duration-ms="298" status="PASS">
          <reporter-output>
          </reporter-output>
        </test-method> <!-- test_2 -->
      </class> <!-- tests.TestsExample -->
    </test> <!-- Default test -->
  </suite> <!-- Default suite -->
</testng-results>
