<?xml version="1.0" encoding="UTF-8"?>
<!-- Generated by org.testng.reporters.JUnitReportReporter -->
<testsuite hostname="Kapils-MacBook-Air.local" failures="0" tests="4" name="com.qa.opencart.tests.LoginPageTest" time="0.920" errors="0" timestamp="2025-05-17T11:44:27 IST" skipped="0">
  <testcase classname="com.qa.opencart.tests.LoginPageTest" name="loginPageTitle" time="0.013"/>
  <testcase classname="com.qa.opencart.tests.LoginPageTest" name="loginPageURL" time="0.009"/>
  <testcase classname="com.qa.opencart.tests.LoginPageTest" name="isForgotPwdLinkDisplayed" time="0.042"/>
  <testcase classname="com.qa.opencart.tests.LoginPageTest" name="LoginTest" time="0.856"/>
</testsuite> <!-- com.qa.opencart.tests.LoginPageTest -->
