<?xml version="1.0" encoding="UTF-8"?>
<!-- Generated by org.testng.reporters.JUnitReportReporter -->
<testsuite hostname="Kapils-Air" failures="0" tests="3" name="tests.TestsExample" time="3.564" errors="0" timestamp="2024-09-22T12:29:26 IST" skipped="0">
  <testcase classname="tests.TestsExample" name="test_2" time="0.298"/>
  <testcase classname="tests.TestsExample" name="test_1" time="0.224"/>
  <testcase classname="tests.TestsExample" name="test_0" time="3.042"/>
</testsuite> <!-- tests.TestsExample -->
