<?xml version="1.0" encoding="UTF-8"?>
<testng-results ignored="0" total="4" passed="4" failed="0" skipped="0">
  <reporter-output>
  </reporter-output>
  <suite started-at="2025-05-17T11:44:19 IST" name="Default suite" finished-at="2025-05-17T11:44:27 IST" duration-ms="7625">
    <groups>
    </groups>
    <test started-at="2025-05-17T11:44:19 IST" name="Default test" finished-at="2025-05-17T11:44:27 IST" duration-ms="7625">
      <class name="com.qa.opencart.tests.LoginPageTest">
        <test-method is-config="true" signature="setup()[pri:0, instance:com.qa.opencart.tests.LoginPageTest@15bb5034]" started-at="2025-05-17T11:44:19 IST" name="setup" finished-at="2025-05-17T11:44:26 IST" duration-ms="6684" status="PASS">
          <reporter-output>
          </reporter-output>
        </test-method> <!-- setup -->
        <test-method signature="loginPageTitle()[pri:-13434, instance:com.qa.opencart.tests.LoginPageTest@15bb5034]" started-at="2025-05-17T11:44:26 IST" name="loginPageTitle" finished-at="2025-05-17T11:44:26 IST" duration-ms="13" status="PASS">
          <reporter-output>
          </reporter-output>
        </test-method> <!-- loginPageTitle -->
        <test-method signature="loginPageURL()[pri:1, instance:com.qa.opencart.tests.LoginPageTest@15bb5034]" started-at="2025-05-17T11:44:26 IST" name="loginPageURL" finished-at="2025-05-17T11:44:26 IST" duration-ms="9" status="PASS">
          <reporter-output>
          </reporter-output>
        </test-method> <!-- loginPageURL -->
        <test-method signature="isForgotPwdLinkDisplayed()[pri:2, instance:com.qa.opencart.tests.LoginPageTest@15bb5034]" started-at="2025-05-17T11:44:26 IST" name="isForgotPwdLinkDisplayed" finished-at="2025-05-17T11:44:26 IST" duration-ms="42" status="PASS">
          <reporter-output>
          </reporter-output>
        </test-method> <!-- isForgotPwdLinkDisplayed -->
        <test-method signature="LoginTest()[pri:3, instance:com.qa.opencart.tests.LoginPageTest@15bb5034]" started-at="2025-05-17T11:44:26 IST" name="LoginTest" finished-at="2025-05-17T11:44:27 IST" duration-ms="856" status="PASS">
          <reporter-output>
          </reporter-output>
        </test-method> <!-- LoginTest -->
      </class> <!-- com.qa.opencart.tests.LoginPageTest -->
    </test> <!-- Default test -->
  </suite> <!-- Default suite -->
</testng-results>
